# JRE version: Java(TM) SE Runtime Environment (8.0_121-b13) (build 1.8.0_121-b13)
# Java VM: Java HotSpot(TM) 64-Bit Server VM (25.121-b13 mixed mode bsd-amd64 compressed oops)
Heap:
 PSYoungGen      total 211968K, used 81145K [0x000000076ab00000, 0x0000000779f00000, 0x00000007c0000000)
  eden space 178176K, 45% used [0x000000076ab00000,0x000000076fa3e480,0x0000000775900000)
  from space 33792K, 0% used [0x0000000777900000,0x0000000777900000,0x0000000779a00000)
  to   space 32768K, 0% used [0x0000000775900000,0x0000000775900000,0x0000000777900000)
 ParOldGen       total 243200K, used 41764K [0x00000006c0000000, 0x00000006ced80000, 0x000000076ab00000)
  object space 243200K, 17% used [0x00000006c0000000,0x00000006c28c90a8,0x00000006ced80000)
 Metaspace       used 63765K, capacity 69746K, committed 69848K, reserved 1110016K
  class space    used 8409K, capacity 10181K, committed 10200K, reserved 1048576K
GC Heap History (10 events):
Event: 15.766 GC heap before
{Heap before GC invocations=13 (full 2):
 PSYoungGen      total 139776K, used 139774K [0x000000076ab00000, 0x0000000774f80000, 0x00000007c0000000)
  eden space 122368K, 100% used [0x000000076ab00000,0x0000000772280000,0x0000000772280000)
  from space 17408K, 99% used [0x0000000773700000,0x00000007747ffaf0,0x0000000774800000)
  to   space 20992K, 0% used [0x0000000772280000,0x0000000772280000,0x0000000773700000)
 ParOldGen       total 175104K, used 26308K [0x00000006c0000000, 0x00000006cab00000, 0x000000076ab00000)
  object space 175104K, 15% used [0x00000006c0000000,0x00000006c19b1168,0x00000006cab00000)
 Metaspace       used 52978K, capacity 57560K, committed 57944K, reserved 1099776K
  class space    used 6864K, capacity 8191K, committed 8280K, reserved 1048576K
Event: 15.784 GC heap after
Heap after GC invocations=13 (full 2):
 PSYoungGen      total 143360K, used 14208K [0x000000076ab00000, 0x0000000776100000, 0x00000007c0000000)
  eden space 122368K, 0% used [0x000000076ab00000,0x000000076ab00000,0x0000000772280000)
  from space 20992K, 67% used [0x0000000772280000,0x00000007730602c0,0x0000000773700000)
  to   space 20480K, 0% used [0x0000000774d00000,0x0000000774d00000,0x0000000776100000)
 ParOldGen       total 175104K, used 42700K [0x00000006c0000000, 0x00000006cab00000, 0x000000076ab00000)
  object space 175104K, 24% used [0x00000006c0000000,0x00000006c29b3178,0x00000006cab00000)
 Metaspace       used 52978K, capacity 57560K, committed 57944K, reserved 1099776K
  class space    used 6864K, capacity 8191K, committed 8280K, reserved 1048576K
}
Event: 16.834 GC heap before
{Heap before GC invocations=14 (full 2):
 PSYoungGen      total 143360K, used 136576K [0x000000076ab00000, 0x0000000776100000, 0x00000007c0000000)
  eden space 122368K, 100% used [0x000000076ab00000,0x0000000772280000,0x0000000772280000)
  from space 20992K, 67% used [0x0000000772280000,0x00000007730602c0,0x0000000773700000)
  to   space 20480K, 0% used [0x0000000774d00000,0x0000000774d00000,0x0000000776100000)
 ParOldGen       total 175104K, used 42700K [0x00000006c0000000, 0x00000006cab00000, 0x000000076ab00000)
  object space 175104K, 24% used [0x00000006c0000000,0x00000006c29b3178,0x00000006cab00000)
 Metaspace       used 53866K, capacity 58410K, committed 58712K, reserved 1099776K
  class space    used 6947K, capacity 8261K, committed 8280K, reserved 1048576K
Event: 16.863 GC heap after
Heap after GC invocations=14 (full 2):
 PSYoungGen      total 161280K, used 20466K [0x000000076ab00000, 0x0000000776b00000, 0x00000007c0000000)
  eden space 140800K, 0% used [0x000000076ab00000,0x000000076ab00000,0x0000000773480000)
  from space 20480K, 99% used [0x0000000774d00000,0x00000007760fcbe0,0x0000000776100000)
  to   space 25088K, 0% used [0x0000000773480000,0x0000000773480000,0x0000000774d00000)
 ParOldGen       total 175104K, used 49058K [0x00000006c0000000, 0x00000006cab00000, 0x000000076ab00000)
  object space 175104K, 28% used [0x00000006c0000000,0x00000006c2fe8af8,0x00000006cab00000)
 Metaspace       used 53866K, capacity 58410K, committed 58712K, reserved 1099776K
  class space    used 6947K, capacity 8261K, committed 8280K, reserved 1048576K
}
Event: 17.228 GC heap before
{Heap before GC invocations=15 (full 2):
 PSYoungGen      total 161280K, used 161266K [0x000000076ab00000, 0x0000000776b00000, 0x00000007c0000000)
  eden space 140800K, 100% used [0x000000076ab00000,0x0000000773480000,0x0000000773480000)
  from space 20480K, 99% used [0x0000000774d00000,0x00000007760fcbe0,0x0000000776100000)
  to   space 25088K, 0% used [0x0000000773480000,0x0000000773480000,0x0000000774d00000)
 ParOldGen       total 175104K, used 49058K [0x00000006c0000000, 0x00000006cab00000, 0x000000076ab00000)
  object space 175104K, 28% used [0x00000006c0000000,0x00000006c2fe8af8,0x00000006cab00000)
 Metaspace       used 53870K, capacity 58410K, committed 58712K, reserved 1099776K
  class space    used 6947K, capacity 8261K, committed 8280K, reserved 1048576K
Event: 17.258 GC heap after
Heap after GC invocations=15 (full 2):
 PSYoungGen      total 165888K, used 25074K [0x000000076ab00000, 0x0000000779a00000, 0x00000007c0000000)
  eden space 140800K, 0% used [0x000000076ab00000,0x000000076ab00000,0x0000000773480000)
  from space 25088K, 99% used [0x0000000773480000,0x0000000774cfc960,0x0000000774d00000)
  to   space 33792K, 0% used [0x0000000777900000,0x0000000777900000,0x0000000779a00000)
 ParOldGen       total 175104K, used 63632K [0x00000006c0000000, 0x00000006cab00000, 0x000000076ab00000)
  object space 175104K, 36% used [0x00000006c0000000,0x00000006c3e24210,0x00000006cab00000)
 Metaspace       used 53870K, capacity 58410K, committed 58712K, reserved 1099776K
  class space    used 6947K, capacity 8261K, committed 8280K, reserved 1048576K
}
Event: 17.468 GC heap before
{Heap before GC invocations=16 (full 2):
 PSYoungGen      total 165888K, used 74038K [0x000000076ab00000, 0x0000000779a00000, 0x00000007c0000000)
  eden space 140800K, 34% used [0x000000076ab00000,0x000000076dad0fa0,0x0000000773480000)
  from space 25088K, 99% used [0x0000000773480000,0x0000000774cfc960,0x0000000774d00000)
  to   space 33792K, 0% used [0x0000000777900000,0x0000000777900000,0x0000000779a00000)
 ParOldGen       total 175104K, used 63632K [0x00000006c0000000, 0x00000006cab00000, 0x000000076ab00000)
  object space 175104K, 36% used [0x00000006c0000000,0x00000006c3e24210,0x00000006cab00000)
 Metaspace       used 54223K, capacity 58762K, committed 59028K, reserved 1099776K
  class space    used 6985K, capacity 8293K, committed 8408K, reserved 1048576K
Event: 17.489 GC heap after
Heap after GC invocations=16 (full 2):
 PSYoungGen      total 211968K, used 18763K [0x000000076ab00000, 0x0000000779f00000, 0x00000007c0000000)
  eden space 178176K, 0% used [0x000000076ab00000,0x000000076ab00000,0x0000000775900000)
  from space 33792K, 55% used [0x0000000777900000,0x0000000778b52cf8,0x0000000779a00000)
  to   space 32768K, 0% used [0x0000000775900000,0x0000000775900000,0x0000000777900000)
 ParOldGen       total 175104K, used 65772K [0x00000006c0000000, 0x00000006cab00000, 0x000000076ab00000)
  object space 175104K, 37% used [0x00000006c0000000,0x00000006c403b240,0x00000006cab00000)
 Metaspace       used 54223K, capacity 58762K, committed 59028K, reserved 1099776K
  class space    used 6985K, capacity 8293K, committed 8408K, reserved 1048576K
}
Event: 17.489 GC heap before
{Heap before GC invocations=17 (full 3):
 PSYoungGen      total 211968K, used 18763K [0x000000076ab00000, 0x0000000779f00000, 0x00000007c0000000)
  eden space 178176K, 0% used [0x000000076ab00000,0x000000076ab00000,0x0000000775900000)
  from space 33792K, 55% used [0x0000000777900000,0x0000000778b52cf8,0x0000000779a00000)
  to   space 32768K, 0% used [0x0000000775900000,0x0000000775900000,0x0000000777900000)
 ParOldGen       total 175104K, used 65772K [0x00000006c0000000, 0x00000006cab00000, 0x000000076ab00000)
  object space 175104K, 37% used [0x00000006c0000000,0x00000006c403b240,0x00000006cab00000)
 Metaspace       used 54223K, capacity 58762K, committed 59028K, reserved 1099776K
  class space    used 6985K, capacity 8293K, committed 8408K, reserved 1048576K
Event: 17.660 GC heap after
Heap after GC invocations=17 (full 3):
 PSYoungGen      total 211968K, used 0K [0x000000076ab00000, 0x0000000779f00000, 0x00000007c0000000)
  eden space 178176K, 0% used [0x000000076ab00000,0x000000076ab00000,0x0000000775900000)
  from space 33792K, 0% used [0x0000000777900000,0x0000000777900000,0x0000000779a00000)
  to   space 32768K, 0% used [0x0000000775900000,0x0000000775900000,0x0000000777900000)
 ParOldGen       total 243200K, used 41764K [0x00000006c0000000, 0x00000006ced80000, 0x000000076ab00000)
  object space 243200K, 17% used [0x00000006c0000000,0x00000006c28c90a8,0x00000006ced80000)
 Metaspace       used 54223K, capacity 58762K, committed 59028K, reserved 1099776K
  class space    used 6985K, capacity 8293K, committed 8408K, reserved 1048576K
}

