<?xml version="1.0" encoding="UTF-8"?>
<testng-results skipped="0" failed="1" total="1" passed="0">
  <reporter-output>
  </reporter-output>
  <suite name="Default suite" duration-ms="306599" started-at="2016-04-18T18:36:22Z" finished-at="2016-04-18T18:41:29Z">
    <groups>
    </groups>
    <test name="Default test" duration-ms="306599" started-at="2016-04-18T18:36:22Z" finished-at="2016-04-18T18:41:29Z">
      <class name="mobi.chouette.exchange.regtopp.importer.parser.RegtopImporterCommandTest">
        <test-method status="PASS" signature="arquillianBeforeSuite()[pri:0, instance:mobi.chouette.exchange.regtopp.importer.parser.RegtopImporterCommandTest@2805c96b]" name="arquillianBeforeSuite" is-config="true" duration-ms="2527" started-at="2016-04-18T20:36:20Z" finished-at="2016-04-18T20:36:22Z">
          <reporter-output>
          </reporter-output>
        </test-method> <!-- arquillianBeforeSuite -->
        <test-method status="PASS" signature="arquillianBeforeClass()[pri:0, instance:mobi.chouette.exchange.regtopp.importer.parser.RegtopImporterCommandTest@2805c96b]" name="arquillianBeforeClass" is-config="true" duration-ms="8200" started-at="2016-04-18T20:36:22Z" finished-at="2016-04-18T20:36:30Z">
          <reporter-output>
          </reporter-output>
        </test-method> <!-- arquillianBeforeClass -->
        <test-method status="PASS" signature="arquillianBeforeTest(java.lang.reflect.Method)[pri:0, instance:mobi.chouette.exchange.regtopp.importer.parser.RegtopImporterCommandTest@2805c96b]" name="arquillianBeforeTest" is-config="true" duration-ms="2" started-at="2016-04-18T20:36:30Z" finished-at="2016-04-18T20:36:30Z">
          <params>
            <param index="0">
              <value>
                <![CDATA[public void mobi.chouette.exchange.regtopp.importer.parser.RegtopImporterCommandTest.importRegtoppAtbLineD2Nortura0096() throws java.lang.Exception]]>
              </value>
            </param>
          </params>
          <reporter-output>
          </reporter-output>
        </test-method> <!-- arquillianBeforeTest -->
        <test-method status="FAIL" signature="importRegtoppAtbLineD2Nortura0096()[pri:0, instance:mobi.chouette.exchange.regtopp.importer.parser.RegtopImporterCommandTest@2805c96b]" name="importRegtoppAtbLineD2Nortura0096" duration-ms="298196" started-at="2016-04-18T20:36:30Z" finished-at="2016-04-18T20:41:29Z">
          <exception class="java.lang.AssertionError">
            <message>
              <![CDATA[Line not found expected object to not be null]]>
            </message>
            <full-stacktrace>
              <![CDATA[java.lang.AssertionError: Line not found expected object to not be null
	at org.testng.Assert.fail(Assert.java:94)
	at org.testng.Assert.assertNotNull(Assert.java:404)
	at mobi.chouette.exchange.regtopp.importer.parser.RegtopImporterCommandTest.importRegtoppAtbLineD2Nortura0096(RegtopImporterCommandTest.java:378)
	at sun.reflect.NativeMethodAccessorImpl.invoke0(Native Method)
	at sun.reflect.NativeMethodAccessorImpl.invoke(NativeMethodAccessorImpl.java:62)
	at sun.reflect.DelegatingMethodAccessorImpl.invoke(DelegatingMethodAccessorImpl.java:43)
	at java.lang.reflect.Method.invoke(Method.java:498)
	at org.testng.internal.MethodInvocationHelper.invokeMethod(MethodInvocationHelper.java:85)
	at org.testng.internal.MethodInvocationHelper$1.runTestMethod(MethodInvocationHelper.java:200)
	at org.jboss.arquillian.testng.Arquillian$2.invoke(Arquillian.java:167)
	at org.jboss.arquillian.container.test.impl.execution.LocalTestExecuter.execute(LocalTestExecuter.java:60)
	at sun.reflect.NativeMethodAccessorImpl.invoke0(Native Method)
	at sun.reflect.NativeMethodAccessorImpl.invoke(NativeMethodAccessorImpl.java:62)
	at sun.reflect.DelegatingMethodAccessorImpl.invoke(DelegatingMethodAccessorImpl.java:43)
	at java.lang.reflect.Method.invoke(Method.java:498)
	at org.jboss.arquillian.core.impl.ObserverImpl.invoke(ObserverImpl.java:94)
	at org.jboss.arquillian.core.impl.EventContextImpl.invokeObservers(EventContextImpl.java:99)
	at org.jboss.arquillian.core.impl.EventContextImpl.proceed(EventContextImpl.java:81)
	at org.jboss.arquillian.core.impl.ManagerImpl.fire(ManagerImpl.java:135)
	at org.jboss.arquillian.core.impl.ManagerImpl.fire(ManagerImpl.java:115)
	at org.jboss.arquillian.core.impl.EventImpl.fire(EventImpl.java:67)
	at org.jboss.arquillian.container.test.impl.execution.ContainerTestExecuter.execute(ContainerTestExecuter.java:38)
	at sun.reflect.NativeMethodAccessorImpl.invoke0(Native Method)
	at sun.reflect.NativeMethodAccessorImpl.invoke(NativeMethodAccessorImpl.java:62)
	at sun.reflect.DelegatingMethodAccessorImpl.invoke(DelegatingMethodAccessorImpl.java:43)
	at java.lang.reflect.Method.invoke(Method.java:498)
	at org.jboss.arquillian.core.impl.ObserverImpl.invoke(ObserverImpl.java:94)
	at org.jboss.arquillian.core.impl.EventContextImpl.invokeObservers(EventContextImpl.java:99)
	at org.jboss.arquillian.core.impl.EventContextImpl.proceed(EventContextImpl.java:81)
	at org.jboss.arquillian.test.impl.TestContextHandler.createClassContext(TestContextHandler.java:84)
	at sun.reflect.NativeMethodAccessorImpl.invoke0(Native Method)
	at sun.reflect.NativeMethodAccessorImpl.invoke(NativeMethodAccessorImpl.java:62)
	at sun.reflect.DelegatingMethodAccessorImpl.invoke(DelegatingMethodAccessorImpl.java:43)
	at java.lang.reflect.Method.invoke(Method.java:498)
	at org.jboss.arquillian.core.impl.ObserverImpl.invoke(ObserverImpl.java:94)
	at org.jboss.arquillian.core.impl.EventContextImpl.proceed(EventContextImpl.java:88)
	at org.jboss.arquillian.test.impl.TestContextHandler.createSuiteContext(TestContextHandler.java:65)
	at sun.reflect.NativeMethodAccessorImpl.invoke0(Native Method)
	at sun.reflect.NativeMethodAccessorImpl.invoke(NativeMethodAccessorImpl.java:62)
	at sun.reflect.DelegatingMethodAccessorImpl.invoke(DelegatingMethodAccessorImpl.java:43)
	at java.lang.reflect.Method.invoke(Method.java:498)
	at org.jboss.arquillian.core.impl.ObserverImpl.invoke(ObserverImpl.java:94)
	at org.jboss.arquillian.core.impl.EventContextImpl.proceed(EventContextImpl.java:88)
	at org.jboss.arquillian.test.impl.TestContextHandler.createTestContext(TestContextHandler.java:102)
	at sun.reflect.NativeMethodAccessorImpl.invoke0(Native Method)
	at sun.reflect.NativeMethodAccessorImpl.invoke(NativeMethodAccessorImpl.java:62)
	at sun.reflect.DelegatingMethodAccessorImpl.invoke(DelegatingMethodAccessorImpl.java:43)
	at java.lang.reflect.Method.invoke(Method.java:498)
	at org.jboss.arquillian.core.impl.ObserverImpl.invoke(ObserverImpl.java:94)
	at org.jboss.arquillian.core.impl.EventContextImpl.proceed(EventContextImpl.java:88)
	at org.jboss.arquillian.core.impl.ManagerImpl.fire(ManagerImpl.java:135)
	at org.jboss.arquillian.test.impl.EventTestRunnerAdaptor.test(EventTestRunnerAdaptor.java:111)
	at org.jboss.arquillian.testng.Arquillian.run(Arquillian.java:158)
	at org.testng.internal.MethodInvocationHelper.invokeHookable(MethodInvocationHelper.java:212)
	at org.testng.internal.Invoker.invokeMethod(Invoker.java:689)
	at org.testng.internal.Invoker.invokeTestMethod(Invoker.java:882)
	at org.testng.internal.Invoker.invokeTestMethods(Invoker.java:1189)
	at org.testng.internal.TestMethodWorker.invokeTestMethods(TestMethodWorker.java:124)
	at org.testng.internal.TestMethodWorker.run(TestMethodWorker.java:108)
	at org.testng.TestRunner.privateRun(TestRunner.java:767)
	at org.testng.TestRunner.run(TestRunner.java:617)
	at org.testng.SuiteRunner.runTest(SuiteRunner.java:348)
	at org.testng.SuiteRunner.runSequentially(SuiteRunner.java:343)
	at org.testng.SuiteRunner.privateRun(SuiteRunner.java:305)
	at org.testng.SuiteRunner.run(SuiteRunner.java:254)
	at org.testng.SuiteRunnerWorker.runSuite(SuiteRunnerWorker.java:52)
	at org.testng.SuiteRunnerWorker.run(SuiteRunnerWorker.java:86)
	at org.testng.TestNG.runSuitesSequentially(TestNG.java:1224)
	at org.testng.TestNG.runSuitesLocally(TestNG.java:1149)
	at org.testng.TestNG.run(TestNG.java:1057)
	at org.jboss.arquillian.testng.container.TestNGTestRunner.execute(TestNGTestRunner.java:53)
	at org.jboss.arquillian.protocol.servlet.runner.ServletTestRunner.executeTest(ServletTestRunner.java:160)
	at org.jboss.arquillian.protocol.servlet.runner.ServletTestRunner.execute(ServletTestRunner.java:126)
	at org.jboss.arquillian.protocol.servlet.runner.ServletTestRunner.doGet(ServletTestRunner.java:90)
	at javax.servlet.http.HttpServlet.service(HttpServlet.java:687)
	at javax.servlet.http.HttpServlet.service(HttpServlet.java:790)
	at io.undertow.servlet.handlers.ServletHandler.handleRequest(ServletHandler.java:85)
	at io.undertow.servlet.handlers.security.ServletSecurityRoleHandler.handleRequest(ServletSecurityRoleHandler.java:61)
	at io.undertow.servlet.handlers.ServletDispatchingHandler.handleRequest(ServletDispatchingHandler.java:36)
	at org.wildfly.extension.undertow.security.SecurityContextAssociationHandler.handleRequest(SecurityContextAssociationHandler.java:78)
	at io.undertow.server.handlers.PredicateHandler.handleRequest(PredicateHandler.java:43)
	at io.undertow.servlet.handlers.security.SSLInformationAssociationHandler.handleRequest(SSLInformationAssociationHandler.java:131)
	at io.undertow.servlet.handlers.security.ServletAuthenticationCallHandler.handleRequest(ServletAuthenticationCallHandler.java:56)
	at io.undertow.server.handlers.PredicateHandler.handleRequest(PredicateHandler.java:43)
	at io.undertow.security.handlers.AbstractConfidentialityHandler.handleRequest(AbstractConfidentialityHandler.java:45)
	at io.undertow.servlet.handlers.security.ServletConfidentialityConstraintHandler.handleRequest(ServletConfidentialityConstraintHandler.java:63)
	at io.undertow.security.handlers.AuthenticationMechanismsHandler.handleRequest(AuthenticationMechanismsHandler.java:58)
	at io.undertow.servlet.handlers.security.CachedAuthenticatedSessionHandler.handleRequest(CachedAuthenticatedSessionHandler.java:70)
	at io.undertow.security.handlers.SecurityInitialHandler.handleRequest(SecurityInitialHandler.java:76)
	at io.undertow.server.handlers.PredicateHandler.handleRequest(PredicateHandler.java:43)
	at org.wildfly.extension.undertow.security.jacc.JACCContextIdHandler.handleRequest(JACCContextIdHandler.java:61)
	at io.undertow.server.handlers.PredicateHandler.handleRequest(PredicateHandler.java:43)
	at io.undertow.server.handlers.PredicateHandler.handleRequest(PredicateHandler.java:43)
	at io.undertow.servlet.handlers.ServletInitialHandler.handleFirstRequest(ServletInitialHandler.java:261)
	at io.undertow.servlet.handlers.ServletInitialHandler.dispatchRequest(ServletInitialHandler.java:247)
	at io.undertow.servlet.handlers.ServletInitialHandler.access$000(ServletInitialHandler.java:76)
	at io.undertow.servlet.handlers.ServletInitialHandler$1.handleRequest(ServletInitialHandler.java:166)
	at io.undertow.server.Connectors.executeRootHandler(Connectors.java:197)
	at io.undertow.server.HttpServerExchange$1.run(HttpServerExchange.java:759)
	at java.util.concurrent.ThreadPoolExecutor.runWorker(ThreadPoolExecutor.java:1142)
	at java.util.concurrent.ThreadPoolExecutor$Worker.run(ThreadPoolExecutor.java:617)
	at java.lang.Thread.run(Thread.java:745)
]]>
            </full-stacktrace>
          </exception> <!-- java.lang.AssertionError -->
          <reporter-output>
          </reporter-output>
        </test-method> <!-- importRegtoppAtbLineD2Nortura0096 -->
        <test-method status="PASS" signature="arquillianAfterClass()[pri:0, instance:mobi.chouette.exchange.regtopp.importer.parser.RegtopImporterCommandTest@2805c96b]" name="arquillianAfterClass" is-config="true" duration-ms="192" started-at="2016-04-18T20:41:29Z" finished-at="2016-04-18T20:41:29Z">
          <reporter-output>
          </reporter-output>
        </test-method> <!-- arquillianAfterClass -->
        <test-method status="PASS" signature="arquillianAfterTest(java.lang.reflect.Method)[pri:0, instance:mobi.chouette.exchange.regtopp.importer.parser.RegtopImporterCommandTest@2805c96b]" name="arquillianAfterTest" is-config="true" duration-ms="0" started-at="2016-04-18T20:41:29Z" finished-at="2016-04-18T20:41:29Z">
          <params>
            <param index="0">
              <value>
                <![CDATA[public void mobi.chouette.exchange.regtopp.importer.parser.RegtopImporterCommandTest.importRegtoppAtbLineD2Nortura0096() throws java.lang.Exception]]>
              </value>
            </param>
          </params>
          <reporter-output>
          </reporter-output>
        </test-method> <!-- arquillianAfterTest -->
        <test-method status="PASS" signature="arquillianAfterSuite()[pri:0, instance:mobi.chouette.exchange.regtopp.importer.parser.RegtopImporterCommandTest@2805c96b]" name="arquillianAfterSuite" is-config="true" duration-ms="58" started-at="2016-04-18T20:41:29Z" finished-at="2016-04-18T20:41:29Z">
          <reporter-output>
          </reporter-output>
        </test-method> <!-- arquillianAfterSuite -->
      </class> <!-- mobi.chouette.exchange.regtopp.importer.parser.RegtopImporterCommandTest -->
    </test> <!-- Default test -->
  </suite> <!-- Default suite -->
</testng-results>
